<?xml version="1.0" encoding="UTF-8"?>
<api context="/test-RabbitMS" name="test-RabbitMS" xmlns="http://ws.apache.org/ns/synapse">
    <resource methods="POST">
        <inSequence>
            <log level="full"/>
            <store messageStore="RabbitMS"/>
            <payloadFactory media-type="xml">
                <format>
                    <response>a</response>
                </format>
                <args/>
            </payloadFactory>
            <respond/>
        </inSequence>
        <outSequence/>
        <faultSequence/>
    </resource>
</api>
